<?xml version="1.0" encoding="UTF-8"?>
<robot generator="Robot 6.0 (Python 3.10.8 on darwin)" generated="20221024 12:28:07.872" rpa="false" schemaversion="3">
<suite id="s1" name="TestCases" source="/Users/levi/PycharmProjects/Noona_Automation_Assignmnt/TestCases">
<suite id="s1-s1" name="CorrectLoginPageDisplay" source="/Users/levi/PycharmProjects/Noona_Automation_Assignmnt/TestCases/CorrectLoginPageDisplay.robot">
<test id="s1-s1-t1" name="Verify_Login_Page_is_Displayed_Correctly" line="7">
<kw name="Homepage" library="Resources">
<kw name="Open Browser" library="SeleniumLibrary">
<arg>${LOGIN_URL}</arg>
<arg>${BROWSER}</arg>
<doc>Opens a new browser instance to the optional ``url``.</doc>
<msg timestamp="20221024 12:28:08.102" level="INFO">Opening browser 'chrome' to base url 'https://demo.patient.noonatest.com/patient/#/login'.</msg>
<status status="PASS" starttime="20221024 12:28:08.102" endtime="20221024 12:28:11.150"/>
</kw>
<kw name="Maximize Browser Window" library="SeleniumLibrary">
<doc>Maximizes current browser window.</doc>
<status status="PASS" starttime="20221024 12:28:11.151" endtime="20221024 12:28:11.289"/>
</kw>
<status status="PASS" starttime="20221024 12:28:08.101" endtime="20221024 12:28:11.290"/>
</kw>
<kw name="Login_display" library="Resources">
<kw name="Wait Until Element Is Enabled" library="SeleniumLibrary">
<arg>${EMAIL_INPUT}</arg>
<doc>Waits until the element ``locator`` is enabled.</doc>
<status status="PASS" starttime="20221024 12:28:11.290" endtime="20221024 12:28:11.745"/>
</kw>
<kw name="Wait Until Element Is Visible" library="SeleniumLibrary">
<arg>${EMAIL_INPUT}</arg>
<doc>Waits until the element ``locator`` is visible.</doc>
<status status="PASS" starttime="20221024 12:28:11.745" endtime="20221024 12:28:11.761"/>
</kw>
<kw name="Wait Until Element Is Enabled" library="SeleniumLibrary">
<arg>${PWD_INPUT}</arg>
<doc>Waits until the element ``locator`` is enabled.</doc>
<status status="PASS" starttime="20221024 12:28:11.761" endtime="20221024 12:28:11.782"/>
</kw>
<kw name="Wait Until Element Is Visible" library="SeleniumLibrary">
<arg>${PWD_INPUT}</arg>
<doc>Waits until the element ``locator`` is visible.</doc>
<status status="PASS" starttime="20221024 12:28:11.782" endtime="20221024 12:28:11.796"/>
</kw>
<kw name="Sleep" library="BuiltIn">
<arg>2</arg>
<doc>Pauses the test executed for the given time.</doc>
<msg timestamp="20221024 12:28:13.796" level="INFO">Slept 2 seconds</msg>
<status status="PASS" starttime="20221024 12:28:11.796" endtime="20221024 12:28:13.797"/>
</kw>
<kw name="Input Text" library="SeleniumLibrary">
<arg>${EMAIL_INPUT}</arg>
<arg>${EMAIL}</arg>
<doc>Types the given ``text`` into the text field identified by ``locator``.</doc>
<msg timestamp="20221024 12:28:13.799" level="INFO">Typing text 'noona@noonatest.com' into text field '//input[@id='email']'.</msg>
<status status="PASS" starttime="20221024 12:28:13.797" endtime="20221024 12:28:13.932"/>
</kw>
<kw name="Input Text" library="SeleniumLibrary">
<arg>${PWD_INPUT}</arg>
<arg>${PWD}</arg>
<doc>Types the given ``text`` into the text field identified by ``locator``.</doc>
<msg timestamp="20221024 12:28:13.933" level="INFO">Typing text '123456' into text field '//input[@id="pwd"]'.</msg>
<status status="PASS" starttime="20221024 12:28:13.932" endtime="20221024 12:28:13.999"/>
</kw>
<kw name="Sleep" library="BuiltIn">
<arg>3</arg>
<doc>Pauses the test executed for the given time.</doc>
<msg timestamp="20221024 12:28:17.000" level="INFO">Slept 3 seconds</msg>
<status status="PASS" starttime="20221024 12:28:13.999" endtime="20221024 12:28:17.000"/>
</kw>
<kw name="Clear Element Text" library="SeleniumLibrary">
<arg>${EMAIL_INPUT}</arg>
<doc>Clears the value of the text-input-element identified by ``locator``.</doc>
<status status="PASS" starttime="20221024 12:28:17.001" endtime="20221024 12:28:17.051"/>
</kw>
<kw name="Clear Element Text" library="SeleniumLibrary">
<arg>${PWD_INPUT}</arg>
<doc>Clears the value of the text-input-element identified by ``locator``.</doc>
<status status="PASS" starttime="20221024 12:28:17.052" endtime="20221024 12:28:17.097"/>
</kw>
<status status="PASS" starttime="20221024 12:28:11.290" endtime="20221024 12:28:17.098"/>
</kw>
<kw name="Validation_of_Correct_Login_Display" library="Resources">
<kw name="Page Should Contain" library="SeleniumLibrary">
<arg>VN: 7 Date of manufacture: 2022-10-17</arg>
<doc>Verifies that current page contains ``text``.</doc>
<msg timestamp="20221024 12:28:17.124" level="INFO">Current page contains text 'VN: 7 Date of manufacture: 2022-10-17'.</msg>
<status status="PASS" starttime="20221024 12:28:17.098" endtime="20221024 12:28:17.125"/>
</kw>
<kw name="Page Should Contain Element" library="SeleniumLibrary">
<arg>//*[@id="login-page"]/div[2]/nh-email-and-password/nh-login-section/div/div/div[1]/div</arg>
<doc>Verifies that element ``locator`` is found on the current page.</doc>
<msg timestamp="20221024 12:28:17.133" level="INFO">Current page contains element '//*[@id="login-page"]/div[2]/nh-email-and-password/nh-login-section/div/div/div[1]/div'.</msg>
<status status="PASS" starttime="20221024 12:28:17.125" endtime="20221024 12:28:17.133"/>
</kw>
<kw name="Click Element" library="SeleniumLibrary">
<arg>//*[@id="login-page"]/div[4]/nh-ce-mark/div/div[2]/ds-button/button/div/div</arg>
<doc>Click the element identified by ``locator``.</doc>
<msg timestamp="20221024 12:28:17.134" level="INFO">Clicking element '//*[@id="login-page"]/div[4]/nh-ce-mark/div/div[2]/ds-button/button/div/div'.</msg>
<status status="PASS" starttime="20221024 12:28:17.133" endtime="20221024 12:28:17.254"/>
</kw>
<kw name="Page Should Contain" library="SeleniumLibrary">
<arg>© 2022 Varian Medical Systems, Inc.</arg>
<doc>Verifies that current page contains ``text``.</doc>
<msg timestamp="20221024 12:28:17.267" level="INFO">Current page contains text '© 2022 Varian Medical Systems, Inc.'.</msg>
<status status="PASS" starttime="20221024 12:28:17.255" endtime="20221024 12:28:17.267"/>
</kw>
<kw name="Page Should Contain" library="SeleniumLibrary">
<arg>07.05.02</arg>
<doc>Verifies that current page contains ``text``.</doc>
<msg timestamp="20221024 12:28:17.277" level="INFO">Current page contains text '07.05.02'.</msg>
<status status="PASS" starttime="20221024 12:28:17.267" endtime="20221024 12:28:17.277"/>
</kw>
<kw name="Click Element" library="SeleniumLibrary">
<arg>//*[@id="close-modal"]/button/div</arg>
<doc>Click the element identified by ``locator``.</doc>
<msg timestamp="20221024 12:28:17.277" level="INFO">Clicking element '//*[@id="close-modal"]/button/div'.</msg>
<status status="PASS" starttime="20221024 12:28:17.277" endtime="20221024 12:28:17.315"/>
</kw>
<kw name="Close Browser" library="SeleniumLibrary">
<doc>Closes the current browser.</doc>
<status status="PASS" starttime="20221024 12:28:17.315" endtime="20221024 12:28:17.420"/>
</kw>
<status status="PASS" starttime="20221024 12:28:17.098" endtime="20221024 12:28:17.420"/>
</kw>
<status status="PASS" starttime="20221024 12:28:08.100" endtime="20221024 12:28:17.420"/>
</test>
<doc>Automation for Correct Login Page Display</doc>
<status status="PASS" starttime="20221024 12:28:07.894" endtime="20221024 12:28:17.421"/>
</suite>
<suite id="s1-s2" name="FailedLogin" source="/Users/levi/PycharmProjects/Noona_Automation_Assignmnt/TestCases/FailedLogin.robot">
<test id="s1-s2-t1" name="Invalid_login" line="7">
<kw name="InvalidLogin credentials should return the right error message" library="Resources">
<kw name="Open Browser" library="SeleniumLibrary">
<arg>${LOGIN_URL}</arg>
<arg>${BROWSER}</arg>
<doc>Opens a new browser instance to the optional ``url``.</doc>
<msg timestamp="20221024 12:28:17.428" level="INFO">Opening browser 'chrome' to base url 'https://demo.patient.noonatest.com/patient/#/login'.</msg>
<status status="PASS" starttime="20221024 12:28:17.427" endtime="20221024 12:28:19.959"/>
</kw>
<kw name="Maximize Browser Window" library="SeleniumLibrary">
<doc>Maximizes current browser window.</doc>
<status status="PASS" starttime="20221024 12:28:19.959" endtime="20221024 12:28:20.148"/>
</kw>
<kw name="Wait Until Element Is Visible" library="SeleniumLibrary">
<arg>${EMAIL_INPUT}</arg>
<doc>Waits until the element ``locator`` is visible.</doc>
<status status="PASS" starttime="20221024 12:28:20.148" endtime="20221024 12:28:20.511"/>
</kw>
<kw name="Input Text" library="SeleniumLibrary">
<arg>${EMAIL_INPUT}</arg>
<arg>${EMAIL}</arg>
<doc>Types the given ``text`` into the text field identified by ``locator``.</doc>
<msg timestamp="20221024 12:28:20.513" level="INFO">Typing text 'noona@noonatest.com' into text field '//input[@id='email']'.</msg>
<status status="PASS" starttime="20221024 12:28:20.511" endtime="20221024 12:28:20.680"/>
</kw>
<kw name="Input Text" library="SeleniumLibrary">
<arg>${PWD_INPUT}</arg>
<arg>${PWD}</arg>
<doc>Types the given ``text`` into the text field identified by ``locator``.</doc>
<msg timestamp="20221024 12:28:20.681" level="INFO">Typing text '123456' into text field '//input[@id="pwd"]'.</msg>
<status status="PASS" starttime="20221024 12:28:20.680" endtime="20221024 12:28:20.767"/>
</kw>
<kw name="Sleep" library="BuiltIn">
<arg>3</arg>
<doc>Pauses the test executed for the given time.</doc>
<msg timestamp="20221024 12:28:23.768" level="INFO">Slept 3 seconds</msg>
<status status="PASS" starttime="20221024 12:28:20.767" endtime="20221024 12:28:23.768"/>
</kw>
<kw name="Wait Until Element Is Visible" library="SeleniumLibrary">
<arg>${LOGIN}</arg>
<doc>Waits until the element ``locator`` is visible.</doc>
<status status="PASS" starttime="20221024 12:28:23.768" endtime="20221024 12:28:23.799"/>
</kw>
<kw name="Click Element" library="SeleniumLibrary">
<arg>${LOGIN}</arg>
<doc>Click the element identified by ``locator``.</doc>
<msg timestamp="20221024 12:28:23.800" level="INFO">Clicking element '//div[text()="Log in"]'.</msg>
<status status="PASS" starttime="20221024 12:28:23.799" endtime="20221024 12:28:23.871"/>
</kw>
<kw name="Sleep" library="BuiltIn">
<arg>8</arg>
<doc>Pauses the test executed for the given time.</doc>
<msg timestamp="20221024 12:28:31.873" level="INFO">Slept 8 seconds</msg>
<status status="PASS" starttime="20221024 12:28:23.871" endtime="20221024 12:28:31.873"/>
</kw>
<kw name="Page Should Contain" library="SeleniumLibrary">
<arg>Incorrect username or password. If you have forgotten your password, please click Problems logging in -link.</arg>
<doc>Verifies that current page contains ``text``.</doc>
<msg timestamp="20221024 12:28:31.894" level="INFO">Current page contains text 'Incorrect username or password. If you have forgotten your password, please click Problems logging in -link.'.</msg>
<status status="PASS" starttime="20221024 12:28:31.873" endtime="20221024 12:28:31.894"/>
</kw>
<kw name="Close Browser" library="SeleniumLibrary">
<doc>Closes the current browser.</doc>
<status status="PASS" starttime="20221024 12:28:31.895" endtime="20221024 12:28:31.988"/>
</kw>
<status status="PASS" starttime="20221024 12:28:17.427" endtime="20221024 12:28:31.988"/>
</kw>
<status status="PASS" starttime="20221024 12:28:17.426" endtime="20221024 12:28:31.988"/>
</test>
<doc>Automation of Failed Login Display Message</doc>
<status status="PASS" starttime="20221024 12:28:17.422" endtime="20221024 12:28:31.989"/>
</suite>
<status status="PASS" starttime="20221024 12:28:07.873" endtime="20221024 12:28:31.991"/>
</suite>
<statistics>
<total>
<stat pass="2" fail="0" skip="0">All Tests</stat>
</total>
<tag>
</tag>
<suite>
<stat pass="2" fail="0" skip="0" id="s1" name="TestCases">TestCases</stat>
<stat pass="1" fail="0" skip="0" id="s1-s1" name="CorrectLoginPageDisplay">TestCases.CorrectLoginPageDisplay</stat>
<stat pass="1" fail="0" skip="0" id="s1-s2" name="FailedLogin">TestCases.FailedLogin</stat>
</suite>
</statistics>
<errors>
</errors>
</robot>
