<?xml version="1.0" encoding="UTF-8"?>
<robot generator="Robot 6.0 (Python 3.10.8 on darwin)" generated="20221031 17:13:28.037" rpa="false" schemaversion="3">
<suite id="s1" name="NoonaTestSuite" source="/Users/levi/PycharmProjects/Noona_Automation_Assignmnt/TestCases/NoonaTestSuite.robot">
<test id="s1-t1" name="VERIFY LOGIN PAGE IS DISPLAYED CORRECTLY" line="9">
<kw name="HOMEPAGE" library="Resources" type="SETUP">
<kw name="Open Browser" library="SeleniumLibrary">
<arg>${LOGIN_URL}</arg>
<arg>${BROWSER}</arg>
<doc>Opens a new browser instance to the optional ``url``.</doc>
<msg timestamp="20221031 17:13:28.311" level="INFO">Opening browser 'chrome' to base url 'https://demo.patient.noonatest.com/patient/#/login'.</msg>
<status status="PASS" starttime="20221031 17:13:28.311" endtime="20221031 17:13:30.978"/>
</kw>
<kw name="Maximize Browser Window" library="SeleniumLibrary">
<doc>Maximizes current browser window.</doc>
<status status="PASS" starttime="20221031 17:13:30.978" endtime="20221031 17:13:31.104"/>
</kw>
<status status="PASS" starttime="20221031 17:13:28.311" endtime="20221031 17:13:31.104"/>
</kw>
<kw name="LOGIN DISPLAY" library="Resources">
<kw name="Wait Until Element Is Enabled" library="SeleniumLibrary">
<arg>${EMAIL_INPUT}</arg>
<doc>Waits until the element ``locator`` is enabled.</doc>
<status status="PASS" starttime="20221031 17:13:31.105" endtime="20221031 17:13:31.443"/>
</kw>
<kw name="Input Text" library="SeleniumLibrary">
<arg>${EMAIL_INPUT}</arg>
<arg>${EMAIL}</arg>
<doc>Types the given ``text`` into the text field identified by ``locator``.</doc>
<msg timestamp="20221031 17:13:31.444" level="INFO">Typing text 'noona@noonatest.com' into text field '//input[@id='email']'.</msg>
<status status="PASS" starttime="20221031 17:13:31.443" endtime="20221031 17:13:31.589"/>
</kw>
<kw name="Wait Until Element Is Enabled" library="SeleniumLibrary">
<arg>${PWD_INPUT}</arg>
<doc>Waits until the element ``locator`` is enabled.</doc>
<status status="PASS" starttime="20221031 17:13:31.589" endtime="20221031 17:13:31.615"/>
</kw>
<kw name="Input Text" library="SeleniumLibrary">
<arg>${PWD_INPUT}</arg>
<arg>${PWD}</arg>
<doc>Types the given ``text`` into the text field identified by ``locator``.</doc>
<msg timestamp="20221031 17:13:31.616" level="INFO">Typing text '123456' into text field '//input[@id="pwd"]'.</msg>
<status status="PASS" starttime="20221031 17:13:31.616" endtime="20221031 17:13:31.684"/>
</kw>
<kw name="Clear Element Text" library="SeleniumLibrary">
<arg>${EMAIL_INPUT}</arg>
<doc>Clears the value of the text-input-element identified by ``locator``.</doc>
<status status="PASS" starttime="20221031 17:13:31.685" endtime="20221031 17:13:31.718"/>
</kw>
<kw name="Clear Element Text" library="SeleniumLibrary">
<arg>${PWD_INPUT}</arg>
<doc>Clears the value of the text-input-element identified by ``locator``.</doc>
<status status="PASS" starttime="20221031 17:13:31.718" endtime="20221031 17:13:31.768"/>
</kw>
<status status="PASS" starttime="20221031 17:13:31.105" endtime="20221031 17:13:31.768"/>
</kw>
<kw name="VALIDATION OF CORRECT LOGIN DISPLAY" library="Resources">
<kw name="Page Should Contain" library="SeleniumLibrary">
<arg>VN: 7 Date of manufacture: 2022-10-17</arg>
<doc>Verifies that current page contains ``text``.</doc>
<msg timestamp="20221031 17:13:31.799" level="INFO">Current page contains text 'VN: 7 Date of manufacture: 2022-10-17'.</msg>
<status status="PASS" starttime="20221031 17:13:31.769" endtime="20221031 17:13:31.799"/>
</kw>
<kw name="Page Should Contain Element" library="SeleniumLibrary">
<arg>//*[@id="login-page"]/div[2]/nh-email-and-password/nh-login-section/div/div/div[1]/div</arg>
<doc>Verifies that element ``locator`` is found on the current page.</doc>
<msg timestamp="20221031 17:13:31.809" level="INFO">Current page contains element '//*[@id="login-page"]/div[2]/nh-email-and-password/nh-login-section/div/div/div[1]/div'.</msg>
<status status="PASS" starttime="20221031 17:13:31.799" endtime="20221031 17:13:31.809"/>
</kw>
<kw name="Click Element" library="SeleniumLibrary">
<arg>//*[@id="login-page"]/div[4]/nh-ce-mark/div/div[2]/ds-button/button/div/div</arg>
<doc>Click the element identified by ``locator``.</doc>
<msg timestamp="20221031 17:13:31.810" level="INFO">Clicking element '//*[@id="login-page"]/div[4]/nh-ce-mark/div/div[2]/ds-button/button/div/div'.</msg>
<status status="PASS" starttime="20221031 17:13:31.810" endtime="20221031 17:13:31.932"/>
</kw>
<kw name="Page Should Contain" library="SeleniumLibrary">
<arg>© 2022 Varian Medical Systems, Inc.</arg>
<doc>Verifies that current page contains ``text``.</doc>
<msg timestamp="20221031 17:13:31.968" level="INFO">Current page contains text '© 2022 Varian Medical Systems, Inc.'.</msg>
<status status="PASS" starttime="20221031 17:13:31.933" endtime="20221031 17:13:31.968"/>
</kw>
<kw name="Page Should Contain" library="SeleniumLibrary">
<arg>07.05.02</arg>
<doc>Verifies that current page contains ``text``.</doc>
<msg timestamp="20221031 17:13:31.978" level="INFO">Current page contains text '07.05.02'.</msg>
<status status="PASS" starttime="20221031 17:13:31.968" endtime="20221031 17:13:31.978"/>
</kw>
<kw name="Click Element" library="SeleniumLibrary">
<arg>//*[@id="close-modal"]/button/div</arg>
<doc>Click the element identified by ``locator``.</doc>
<msg timestamp="20221031 17:13:31.979" level="INFO">Clicking element '//*[@id="close-modal"]/button/div'.</msg>
<status status="PASS" starttime="20221031 17:13:31.978" endtime="20221031 17:13:32.020"/>
</kw>
<status status="PASS" starttime="20221031 17:13:31.768" endtime="20221031 17:13:32.021"/>
</kw>
<kw name="CLOSE BROWSER WINDOW" library="Resources" type="TEARDOWN">
<kw name="Close Browser" library="SeleniumLibrary">
<doc>Closes the current browser.</doc>
<status status="PASS" starttime="20221031 17:13:32.021" endtime="20221031 17:13:32.119"/>
</kw>
<status status="PASS" starttime="20221031 17:13:32.021" endtime="20221031 17:13:32.119"/>
</kw>
<status status="PASS" starttime="20221031 17:13:28.310" endtime="20221031 17:13:32.119"/>
</test>
<test id="s1-t2" name="INVALID LOGIN" line="13">
<kw name="HOMEPAGE" library="Resources" type="SETUP">
<kw name="Open Browser" library="SeleniumLibrary">
<arg>${LOGIN_URL}</arg>
<arg>${BROWSER}</arg>
<doc>Opens a new browser instance to the optional ``url``.</doc>
<msg timestamp="20221031 17:13:32.123" level="INFO">Opening browser 'chrome' to base url 'https://demo.patient.noonatest.com/patient/#/login'.</msg>
<status status="PASS" starttime="20221031 17:13:32.122" endtime="20221031 17:13:34.536"/>
</kw>
<kw name="Maximize Browser Window" library="SeleniumLibrary">
<doc>Maximizes current browser window.</doc>
<status status="PASS" starttime="20221031 17:13:34.536" endtime="20221031 17:13:34.667"/>
</kw>
<status status="PASS" starttime="20221031 17:13:32.121" endtime="20221031 17:13:34.667"/>
</kw>
<kw name="INVALID LOGIN CREDENTIALS SHOULD RETURN THE RIGHT ERROR MESSAGE" library="Resources">
<kw name="Wait Until Element Is Enabled" library="SeleniumLibrary">
<arg>${EMAIL_INPUT}</arg>
<doc>Waits until the element ``locator`` is enabled.</doc>
<status status="PASS" starttime="20221031 17:13:34.668" endtime="20221031 17:13:35.015"/>
</kw>
<kw name="Input Text" library="SeleniumLibrary">
<arg>${EMAIL_INPUT}</arg>
<arg>${EMAIL}</arg>
<doc>Types the given ``text`` into the text field identified by ``locator``.</doc>
<msg timestamp="20221031 17:13:35.015" level="INFO">Typing text 'noona@noonatest.com' into text field '//input[@id='email']'.</msg>
<status status="PASS" starttime="20221031 17:13:35.015" endtime="20221031 17:13:35.173"/>
</kw>
<kw name="Input Text" library="SeleniumLibrary">
<arg>${PWD_INPUT}</arg>
<arg>${PWD}</arg>
<doc>Types the given ``text`` into the text field identified by ``locator``.</doc>
<msg timestamp="20221031 17:13:35.174" level="INFO">Typing text '123456' into text field '//input[@id="pwd"]'.</msg>
<status status="PASS" starttime="20221031 17:13:35.173" endtime="20221031 17:13:35.247"/>
</kw>
<kw name="Wait Until Element Is Enabled" library="SeleniumLibrary">
<arg>${LOGIN}</arg>
<doc>Waits until the element ``locator`` is enabled.</doc>
<status status="PASS" starttime="20221031 17:13:35.248" endtime="20221031 17:13:35.271"/>
</kw>
<kw name="Click Element" library="SeleniumLibrary">
<arg>${LOGIN}</arg>
<doc>Click the element identified by ``locator``.</doc>
<msg timestamp="20221031 17:13:35.272" level="INFO">Clicking element '//div[text()="Log in"]'.</msg>
<status status="PASS" starttime="20221031 17:13:35.272" endtime="20221031 17:13:35.330"/>
</kw>
<kw name="Wait Until Page Contains" library="SeleniumLibrary">
<arg>Incorrect username or password. If you have forgotten your password, please click Problems logging in -link.</arg>
<doc>Waits until ``text`` appears on the current page.</doc>
<status status="PASS" starttime="20221031 17:13:35.330" endtime="20221031 17:13:35.768"/>
</kw>
<status status="PASS" starttime="20221031 17:13:34.667" endtime="20221031 17:13:35.768"/>
</kw>
<kw name="CLOSE BROWSER WINDOW" library="Resources" type="TEARDOWN">
<kw name="Close Browser" library="SeleniumLibrary">
<doc>Closes the current browser.</doc>
<status status="PASS" starttime="20221031 17:13:35.769" endtime="20221031 17:13:35.897"/>
</kw>
<status status="PASS" starttime="20221031 17:13:35.769" endtime="20221031 17:13:35.897"/>
</kw>
<status status="PASS" starttime="20221031 17:13:32.121" endtime="20221031 17:13:35.897"/>
</test>
<doc>Noona Test Automation for Correct Page Display and Invalid Login Error Message</doc>
<status status="PASS" starttime="20221031 17:13:28.038" endtime="20221031 17:13:35.898"/>
</suite>
<statistics>
<total>
<stat pass="2" fail="0" skip="0">All Tests</stat>
</total>
<tag>
</tag>
<suite>
<stat pass="2" fail="0" skip="0" id="s1" name="NoonaTestSuite">NoonaTestSuite</stat>
</suite>
</statistics>
<errors>
</errors>
</robot>
